d:\analysis\analysis_sport\x64\debug\vc143.pdb
d:\analysis\analysis_sport\x64\debug\vc143.idb
d:\analysis\analysis_sport\x64\debug\analysis_sport.obj
d:\analysis\analysis_sport\x64\debug\mul_sport_ops.obj
d:\analysis\analysis_sport\x64\debug\mul_sport_factory.obj
d:\analysis\analysis_sport\x64\debug\mul_sport_common.obj
d:\analysis\analysis_sport\x64\debug\multi_motion_sport_handle.obj
d:\analysis\analysis_sport\x64\debug\multi_motion_public_part.obj
d:\analysis\analysis_sport\x64\debug\multi_motion_gps_handle.obj
d:\analysis\analysis_sport\x64\debug\multi_motion_data_rollback_handle.obj
d:\analysis\analysis_sport\x64\debug\ms_sport_category_t9.obj
d:\analysis\analysis_sport\x64\debug\ms_sport_category_t8.obj
d:\analysis\analysis_sport\x64\debug\ms_sport_category_t7.obj
d:\analysis\analysis_sport\x64\debug\ms_sport_category_t6.obj
d:\analysis\analysis_sport\x64\debug\ms_sport_category_t5.obj
d:\analysis\analysis_sport\x64\debug\ms_sport_category_t4.obj
d:\analysis\analysis_sport\x64\debug\ms_sport_category_t3.obj
d:\analysis\analysis_sport\x64\debug\ms_sport_category_t2.obj
d:\analysis\analysis_sport\x64\debug\ms_sport_category_t10.obj
d:\analysis\analysis_sport\x64\debug\ms_sport_category_t1.obj
d:\analysis\analysis_sport\x64\debug\ms_sport_analysis.obj
d:\analysis\analysis_sport\x64\debug\ms_gps_sport.obj
d:\analysis\analysis_sport\x64\debug\zh_app_sports_data.obj
d:\analysis\analysis_sport\x64\debug\vital_info_platform.obj
d:\analysis\analysis_sport\x64\debug\vital_info_data_handle.obj
d:\analysis\analysis_sport\x64\debug\mul_sport_sector_manager.obj
d:\analysis\analysis_sport\x64\debug\mul_sport_platform.obj
d:\analysis\analysis_sport\x64\debug\analysis_sport.tlog\cl.command.1.tlog
d:\analysis\analysis_sport\x64\debug\analysis_sport.tlog\cl.read.1.tlog
d:\analysis\analysis_sport\x64\debug\analysis_sport.tlog\cl.write.1.tlog
